time="2020-05-29T06:35:08Z" level=info msg="log level info"
time="2020-05-29T06:35:08Z" level=info msg="TLS keys not set, using non-https for metrics"
W0529 06:35:08.210053       1 client_config.go:541] Neither --kubeconfig nor --master was specified.  Using the inClusterConfig.  This might not work.
time="2020-05-29T06:35:08Z" level=info msg="Using in-cluster kube client config"
time="2020-05-29T06:35:08Z" level=info msg="Using in-cluster kube client config"
W0529 06:35:08.212070       1 client_config.go:541] Neither --kubeconfig nor --master was specified.  Using the inClusterConfig.  This might not work.
time="2020-05-29T06:35:08Z" level=info msg="Using in-cluster kube client config"
time="2020-05-29T06:35:08Z" level=info msg="connection established. cluster-version: v1.17.2"
time="2020-05-29T06:35:08Z" level=info msg="operator ready"
time="2020-05-29T06:35:08Z" level=info msg="starting informers..."
time="2020-05-29T06:35:08Z" level=info msg="informers started"
time="2020-05-29T06:35:08Z" level=info msg="waiting for caches to sync..."
time="2020-05-29T06:35:08Z" level=info msg="starting workers..."
time="2020-05-29T06:35:08Z" level=warning msg="couldn't find service in cache" service=operatorhubio-catalog
time="2020-05-29T06:35:09Z" level=info msg="state.Key.Namespace=olm state.Key.Name=operatorhubio-catalog state.State=CONNECTING"
time="2020-05-29T06:35:10Z" level=info msg="state.Key.Namespace=olm state.Key.Name=operatorhubio-catalog state.State=TRANSIENT_FAILURE"
time="2020-05-29T06:35:11Z" level=info msg="state.Key.Namespace=olm state.Key.Name=operatorhubio-catalog state.State=CONNECTING"
time="2020-05-29T06:35:12Z" level=info msg="state.Key.Namespace=olm state.Key.Name=operatorhubio-catalog state.State=TRANSIENT_FAILURE"
time="2020-05-29T06:35:14Z" level=info msg="state.Key.Namespace=olm state.Key.Name=operatorhubio-catalog state.State=CONNECTING"
time="2020-05-29T06:35:15Z" level=info msg="state.Key.Namespace=olm state.Key.Name=operatorhubio-catalog state.State=TRANSIENT_FAILURE"
time="2020-05-29T06:35:18Z" level=info msg="state.Key.Namespace=olm state.Key.Name=operatorhubio-catalog state.State=CONNECTING"
time="2020-05-29T06:35:19Z" level=info msg="state.Key.Namespace=olm state.Key.Name=operatorhubio-catalog state.State=TRANSIENT_FAILURE"
time="2020-05-29T06:35:23Z" level=info msg="state.Key.Namespace=olm state.Key.Name=operatorhubio-catalog state.State=CONNECTING"
time="2020-05-29T06:35:25Z" level=info msg="state.Key.Namespace=olm state.Key.Name=operatorhubio-catalog state.State=READY"
time="2020-05-29T06:35:36Z" level=info msg="state.Key.Namespace=olm state.Key.Name=operatorhubio-catalog state.State=CONNECTING"
time="2020-05-29T06:35:36Z" level=info msg="state.Key.Namespace=olm state.Key.Name=operatorhubio-catalog state.State=TRANSIENT_FAILURE"
time="2020-05-29T06:35:37Z" level=info msg="state.Key.Namespace=olm state.Key.Name=operatorhubio-catalog state.State=CONNECTING"
time="2020-05-29T06:35:38Z" level=info msg="state.Key.Namespace=olm state.Key.Name=operatorhubio-catalog state.State=TRANSIENT_FAILURE"
time="2020-05-29T06:35:40Z" level=info msg="state.Key.Namespace=olm state.Key.Name=operatorhubio-catalog state.State=CONNECTING"
time="2020-05-29T06:35:40Z" level=warning msg="couldn't find service in cache" service=eclipse-che-preview-kubernetes
time="2020-05-29T06:35:40Z" level=info msg=syncing event=update reconciling="*v1alpha1.Subscription" selflink=/apis/operators.coreos.com/v1alpha1/namespaces/che/subscriptions/eclipse-che-preview-kubernetes
time="2020-05-29T06:35:41Z" level=info msg="state.Key.Namespace=olm state.Key.Name=operatorhubio-catalog state.State=TRANSIENT_FAILURE"
time="2020-05-29T06:35:41Z" level=info msg=syncing event=update reconciling="*v1alpha1.Subscription" selflink=/apis/operators.coreos.com/v1alpha1/namespaces/che/subscriptions/eclipse-che-preview-kubernetes
time="2020-05-29T06:35:42Z" level=info msg=syncing event=update reconciling="*v1alpha1.Subscription" selflink=/apis/operators.coreos.com/v1alpha1/namespaces/che/subscriptions/eclipse-che-preview-kubernetes
E0529 06:35:43.552274       1 queueinformer_operator.go:282] sync "che" failed: {eclipse-che-preview-kubernetes nightly eclipse-che-preview-kubernetes.v9.9.9-nightly.1590584464 {eclipse-che-preview-kubernetes che}} not found: CatalogSource {eclipse-che-preview-kubernetes che} not found
time="2020-05-29T06:35:43Z" level=info msg=syncing event=update reconciling="*v1alpha1.Subscription" selflink=/apis/operators.coreos.com/v1alpha1/namespaces/che/subscriptions/eclipse-che-preview-kubernetes
time="2020-05-29T06:35:43Z" level=info msg="state.Key.Namespace=che state.Key.Name=eclipse-che-preview-kubernetes state.State=CONNECTING"
time="2020-05-29T06:35:43Z" level=info msg="state.Key.Namespace=olm state.Key.Name=operatorhubio-catalog state.State=CONNECTING"
time="2020-05-29T06:35:44Z" level=info msg="state.Key.Namespace=olm state.Key.Name=operatorhubio-catalog state.State=TRANSIENT_FAILURE"
E0529 06:35:45.356614       1 queueinformer_operator.go:282] sync "che" failed: {eclipse-che-preview-kubernetes nightly eclipse-che-preview-kubernetes.v9.9.9-nightly.1590584464 {eclipse-che-preview-kubernetes che}} not found: CatalogSource {eclipse-che-preview-kubernetes che} not found
time="2020-05-29T06:35:45Z" level=info msg=syncing event=update reconciling="*v1alpha1.Subscription" selflink=/apis/operators.coreos.com/v1alpha1/namespaces/che/subscriptions/eclipse-che-preview-kubernetes
time="2020-05-29T06:35:47Z" level=info msg=syncing event=update reconciling="*v1alpha1.Subscription" selflink=/apis/operators.coreos.com/v1alpha1/namespaces/che/subscriptions/eclipse-che-preview-kubernetes
time="2020-05-29T06:35:49Z" level=info msg="state.Key.Namespace=olm state.Key.Name=operatorhubio-catalog state.State=CONNECTING"
time="2020-05-29T06:35:50Z" level=info msg="state.Key.Namespace=olm state.Key.Name=operatorhubio-catalog state.State=TRANSIENT_FAILURE"
time="2020-05-29T06:35:51Z" level=info msg="state.Key.Namespace=marketplace state.Key.Name=upstream-community-operators state.State=CONNECTING"
time="2020-05-29T06:35:52Z" level=info msg="state.Key.Namespace=marketplace state.Key.Name=upstream-community-operators state.State=TRANSIENT_FAILURE"
time="2020-05-29T06:35:53Z" level=info msg="state.Key.Namespace=marketplace state.Key.Name=upstream-community-operators state.State=CONNECTING"
time="2020-05-29T06:35:54Z" level=info msg=syncing event=update reconciling="*v1alpha1.Subscription" selflink=/apis/operators.coreos.com/v1alpha1/namespaces/che/subscriptions/eclipse-che-preview-kubernetes
time="2020-05-29T06:35:54Z" level=info msg="state.Key.Namespace=marketplace state.Key.Name=upstream-community-operators state.State=TRANSIENT_FAILURE"
time="2020-05-29T06:35:55Z" level=info msg=syncing event=update reconciling="*v1alpha1.Subscription" selflink=/apis/operators.coreos.com/v1alpha1/namespaces/che/subscriptions/eclipse-che-preview-kubernetes
time="2020-05-29T06:35:56Z" level=info msg="state.Key.Namespace=marketplace state.Key.Name=upstream-community-operators state.State=CONNECTING"
time="2020-05-29T06:35:56Z" level=info msg=syncing event=update reconciling="*v1alpha1.Subscription" selflink=/apis/operators.coreos.com/v1alpha1/namespaces/che/subscriptions/eclipse-che-preview-kubernetes
time="2020-05-29T06:35:57Z" level=info msg="state.Key.Namespace=marketplace state.Key.Name=upstream-community-operators state.State=TRANSIENT_FAILURE"
time="2020-05-29T06:35:57Z" level=info msg=syncing event=update reconciling="*v1alpha1.Subscription" selflink=/apis/operators.coreos.com/v1alpha1/namespaces/che/subscriptions/eclipse-che-preview-kubernetes
time="2020-05-29T06:35:58Z" level=info msg="state.Key.Namespace=olm state.Key.Name=operatorhubio-catalog state.State=CONNECTING"
time="2020-05-29T06:35:58Z" level=info msg=syncing event=update reconciling="*v1alpha1.Subscription" selflink=/apis/operators.coreos.com/v1alpha1/namespaces/che/subscriptions/eclipse-che-preview-kubernetes
time="2020-05-29T06:35:59Z" level=info msg="state.Key.Namespace=marketplace state.Key.Name=upstream-community-operators state.State=CONNECTING"
time="2020-05-29T06:36:00Z" level=info msg="state.Key.Namespace=olm state.Key.Name=operatorhubio-catalog state.State=READY"
time="2020-05-29T06:36:00Z" level=info msg="state.Key.Namespace=marketplace state.Key.Name=upstream-community-operators state.State=TRANSIENT_FAILURE"
time="2020-05-29T06:36:00Z" level=info msg=syncing event=update reconciling="*v1alpha1.Subscription" selflink=/apis/operators.coreos.com/v1alpha1/namespaces/che/subscriptions/eclipse-che-preview-kubernetes
time="2020-05-29T06:36:02Z" level=info msg=syncing event=update reconciling="*v1alpha1.Subscription" selflink=/apis/operators.coreos.com/v1alpha1/namespaces/che/subscriptions/eclipse-che-preview-kubernetes
time="2020-05-29T06:36:03Z" level=info msg="state.Key.Namespace=che state.Key.Name=eclipse-che-preview-kubernetes state.State=TRANSIENT_FAILURE"
E0529 06:36:03.954812       1 queueinformer_operator.go:282] sync "che" failed: {eclipse-che-preview-kubernetes nightly eclipse-che-preview-kubernetes.v9.9.9-nightly.1590584464 {eclipse-che-preview-kubernetes che}} not found: rpc error: code = Unavailable desc = all SubConns are in TransientFailure, latest connection error: connection error: desc = "transport: Error while dialing dial tcp 10.101.157.92:50051: i/o timeout"
time="2020-05-29T06:36:04Z" level=info msg="state.Key.Namespace=olm state.Key.Name=operatorhubio-catalog state.State=CONNECTING"
time="2020-05-29T06:36:04Z" level=info msg="state.Key.Namespace=olm state.Key.Name=operatorhubio-catalog state.State=TRANSIENT_FAILURE"
E0529 06:36:04.954654       1 queueinformer_operator.go:282] sync "che" failed: {eclipse-che-preview-kubernetes nightly eclipse-che-preview-kubernetes.v9.9.9-nightly.1590584464 {eclipse-che-preview-kubernetes che}} not found: rpc error: code = Unavailable desc = all SubConns are in TransientFailure, latest connection error: connection error: desc = "transport: Error while dialing dial tcp 10.101.157.92:50051: i/o timeout"
time="2020-05-29T06:36:04Z" level=info msg="state.Key.Namespace=che state.Key.Name=eclipse-che-preview-kubernetes state.State=CONNECTING"
time="2020-05-29T06:36:05Z" level=info msg=syncing event=update reconciling="*v1alpha1.Subscription" selflink=/apis/operators.coreos.com/v1alpha1/namespaces/che/subscriptions/eclipse-che-preview-kubernetes
time="2020-05-29T06:36:05Z" level=info msg="state.Key.Namespace=olm state.Key.Name=operatorhubio-catalog state.State=CONNECTING"
time="2020-05-29T06:36:05Z" level=info msg="state.Key.Namespace=marketplace state.Key.Name=upstream-community-operators state.State=CONNECTING"
time="2020-05-29T06:36:06Z" level=info msg="state.Key.Namespace=olm state.Key.Name=operatorhubio-catalog state.State=TRANSIENT_FAILURE"
time="2020-05-29T06:36:06Z" level=info msg="state.Key.Namespace=marketplace state.Key.Name=upstream-community-operators state.State=TRANSIENT_FAILURE"
time="2020-05-29T06:36:06Z" level=info msg=syncing event=update reconciling="*v1alpha1.Subscription" selflink=/apis/operators.coreos.com/v1alpha1/namespaces/che/subscriptions/eclipse-che-preview-kubernetes
time="2020-05-29T06:36:07Z" level=info msg="state.Key.Namespace=olm state.Key.Name=operatorhubio-catalog state.State=CONNECTING"
time="2020-05-29T06:36:08Z" level=info msg=syncing event=update reconciling="*v1alpha1.Subscription" selflink=/apis/operators.coreos.com/v1alpha1/namespaces/che/subscriptions/eclipse-che-preview-kubernetes
time="2020-05-29T06:36:08Z" level=info msg="state.Key.Namespace=olm state.Key.Name=operatorhubio-catalog state.State=TRANSIENT_FAILURE"
time="2020-05-29T06:36:10Z" level=info msg=syncing event=update reconciling="*v1alpha1.Subscription" selflink=/apis/operators.coreos.com/v1alpha1/namespaces/che/subscriptions/eclipse-che-preview-kubernetes
time="2020-05-29T06:36:11Z" level=info msg="state.Key.Namespace=olm state.Key.Name=operatorhubio-catalog state.State=CONNECTING"
time="2020-05-29T06:36:11Z" level=info msg=syncing event=update reconciling="*v1alpha1.Subscription" selflink=/apis/operators.coreos.com/v1alpha1/namespaces/che/subscriptions/eclipse-che-preview-kubernetes
time="2020-05-29T06:36:12Z" level=info msg="state.Key.Namespace=olm state.Key.Name=operatorhubio-catalog state.State=TRANSIENT_FAILURE"
time="2020-05-29T06:36:12Z" level=info msg=syncing event=update reconciling="*v1alpha1.Subscription" selflink=/apis/operators.coreos.com/v1alpha1/namespaces/che/subscriptions/eclipse-che-preview-kubernetes
time="2020-05-29T06:36:14Z" level=info msg="state.Key.Namespace=marketplace state.Key.Name=upstream-community-operators state.State=CONNECTING"
time="2020-05-29T06:36:14Z" level=info msg=syncing event=update reconciling="*v1alpha1.Subscription" selflink=/apis/operators.coreos.com/v1alpha1/namespaces/che/subscriptions/eclipse-che-preview-kubernetes
time="2020-05-29T06:36:15Z" level=info msg="state.Key.Namespace=marketplace state.Key.Name=upstream-community-operators state.State=TRANSIENT_FAILURE"
time="2020-05-29T06:36:16Z" level=info msg=syncing event=update reconciling="*v1alpha1.Subscription" selflink=/apis/operators.coreos.com/v1alpha1/namespaces/che/subscriptions/eclipse-che-preview-kubernetes
time="2020-05-29T06:36:16Z" level=info msg="state.Key.Namespace=olm state.Key.Name=operatorhubio-catalog state.State=CONNECTING"
time="2020-05-29T06:36:17Z" level=info msg="state.Key.Namespace=olm state.Key.Name=operatorhubio-catalog state.State=TRANSIENT_FAILURE"
time="2020-05-29T06:36:17Z" level=info msg=syncing event=update reconciling="*v1alpha1.Subscription" selflink=/apis/operators.coreos.com/v1alpha1/namespaces/che/subscriptions/eclipse-che-preview-kubernetes
time="2020-05-29T06:36:19Z" level=info msg=syncing event=update reconciling="*v1alpha1.Subscription" selflink=/apis/operators.coreos.com/v1alpha1/namespaces/che/subscriptions/eclipse-che-preview-kubernetes
time="2020-05-29T06:36:24Z" level=info msg="state.Key.Namespace=olm state.Key.Name=operatorhubio-catalog state.State=CONNECTING"
time="2020-05-29T06:36:24Z" level=info msg="state.Key.Namespace=olm state.Key.Name=operatorhubio-catalog state.State=READY"
time="2020-05-29T06:36:24Z" level=info msg="state.Key.Namespace=che state.Key.Name=eclipse-che-preview-kubernetes state.State=TRANSIENT_FAILURE"
E0529 06:36:24.957130       1 queueinformer_operator.go:282] sync "che" failed: {eclipse-che-preview-kubernetes nightly eclipse-che-preview-kubernetes.v9.9.9-nightly.1590584464 {eclipse-che-preview-kubernetes che}} not found: rpc error: code = Unavailable desc = all SubConns are in TransientFailure, latest connection error: connection error: desc = "transport: Error while dialing dial tcp 10.101.157.92:50051: i/o timeout"
time="2020-05-29T06:36:24Z" level=info msg=syncing event=update reconciling="*v1alpha1.Subscription" selflink=/apis/operators.coreos.com/v1alpha1/namespaces/che/subscriptions/eclipse-che-preview-kubernetes
E0529 06:36:25.181865       1 queueinformer_operator.go:282] sync "che" failed: {eclipse-che-preview-kubernetes nightly eclipse-che-preview-kubernetes.v9.9.9-nightly.1590584464 {eclipse-che-preview-kubernetes che}} not found: rpc error: code = Unavailable desc = all SubConns are in TransientFailure, latest connection error: connection error: desc = "transport: Error while dialing dial tcp 10.101.157.92:50051: i/o timeout"
E0529 06:36:26.187223       1 queueinformer_operator.go:282] sync "che" failed: {eclipse-che-preview-kubernetes nightly eclipse-che-preview-kubernetes.v9.9.9-nightly.1590584464 {eclipse-che-preview-kubernetes che}} not found: rpc error: code = Unavailable desc = all SubConns are in TransientFailure, latest connection error: connection error: desc = "transport: Error while dialing dial tcp 10.101.157.92:50051: i/o timeout"
E0529 06:36:26.587512       1 queueinformer_operator.go:282] sync "che" failed: {eclipse-che-preview-kubernetes nightly eclipse-che-preview-kubernetes.v9.9.9-nightly.1590584464 {eclipse-che-preview-kubernetes che}} not found: rpc error: code = Unavailable desc = all SubConns are in TransientFailure, latest connection error: connection error: desc = "transport: Error while dialing dial tcp 10.101.157.92:50051: i/o timeout"
time="2020-05-29T06:36:26Z" level=info msg="state.Key.Namespace=che state.Key.Name=eclipse-che-preview-kubernetes state.State=CONNECTING"
time="2020-05-29T06:36:26Z" level=info msg="state.Key.Namespace=che state.Key.Name=eclipse-che-preview-kubernetes state.State=READY"
time="2020-05-29T06:36:27Z" level=info msg=syncing event=update reconciling="*v1alpha1.Subscription" selflink=/apis/operators.coreos.com/v1alpha1/namespaces/che/subscriptions/eclipse-che-preview-kubernetes
time="2020-05-29T06:36:27Z" level=info msg="state.Key.Namespace=marketplace state.Key.Name=upstream-community-operators state.State=CONNECTING"
time="2020-05-29T06:36:27Z" level=warning msg="no installplan found with matching manifests, creating new one" id=f1ErV namespace=che
time="2020-05-29T06:36:28Z" level=info msg=syncing id=Q9cr0 ip=install-dnzdg namespace=che phase=
time="2020-05-29T06:36:28Z" level=info msg="skip processing installplan without status - subscription sync responsible for initial status" id=Q9cr0 ip=install-dnzdg namespace=che phase=
time="2020-05-29T06:36:28Z" level=info msg=syncing event=update reconciling="*v1alpha1.Subscription" selflink=/apis/operators.coreos.com/v1alpha1/namespaces/che/subscriptions/eclipse-che-preview-kubernetes
time="2020-05-29T06:36:28Z" level=info msg="state.Key.Namespace=marketplace state.Key.Name=upstream-community-operators state.State=TRANSIENT_FAILURE"
time="2020-05-29T06:36:28Z" level=info msg=syncing event=update reconciling="*v1alpha1.Subscription" selflink=/apis/operators.coreos.com/v1alpha1/namespaces/che/subscriptions/eclipse-che-preview-kubernetes
time="2020-05-29T06:36:29Z" level=info msg=syncing id=brgqz ip=install-dnzdg namespace=che phase=RequiresApproval
time="2020-05-29T06:36:29Z" level=info msg=syncing event=update reconciling="*v1alpha1.Subscription" selflink=/apis/operators.coreos.com/v1alpha1/namespaces/che/subscriptions/eclipse-che-preview-kubernetes
time="2020-05-29T06:36:29Z" level=info msg=syncing event=update reconciling="*v1alpha1.Subscription" selflink=/apis/operators.coreos.com/v1alpha1/namespaces/che/subscriptions/eclipse-che-preview-kubernetes
time="2020-05-29T06:36:31Z" level=info msg=syncing event=update reconciling="*v1alpha1.Subscription" selflink=/apis/operators.coreos.com/v1alpha1/namespaces/che/subscriptions/eclipse-che-preview-kubernetes
time="2020-05-29T06:36:31Z" level=info msg=syncing id=NHC/J ip=install-dnzdg namespace=che phase=RequiresApproval
time="2020-05-29T06:36:31Z" level=info msg=syncing event=update reconciling="*v1alpha1.Subscription" selflink=/apis/operators.coreos.com/v1alpha1/namespaces/che/subscriptions/eclipse-che-preview-kubernetes
time="2020-05-29T06:36:32Z" level=warning msg="an error was encountered during reconciliation" error="Operation cannot be fulfilled on subscriptions.operators.coreos.com \"eclipse-che-preview-kubernetes\": the object has been modified; please apply your changes to the latest version and try again" event=update reconciling="*v1alpha1.Subscription" selflink=/apis/operators.coreos.com/v1alpha1/namespaces/che/subscriptions/eclipse-che-preview-kubernetes
E0529 06:36:32.581848       1 queueinformer_operator.go:282] sync {"update" "che/eclipse-che-preview-kubernetes"} failed: Operation cannot be fulfilled on subscriptions.operators.coreos.com "eclipse-che-preview-kubernetes": the object has been modified; please apply your changes to the latest version and try again
time="2020-05-29T06:36:32Z" level=info msg=syncing event=update reconciling="*v1alpha1.Subscription" selflink=/apis/operators.coreos.com/v1alpha1/namespaces/che/subscriptions/eclipse-che-preview-kubernetes
time="2020-05-29T06:36:32Z" level=info msg=syncing event=update reconciling="*v1alpha1.Subscription" selflink=/apis/operators.coreos.com/v1alpha1/namespaces/che/subscriptions/eclipse-che-preview-kubernetes
time="2020-05-29T06:36:33Z" level=info msg="state.Key.Namespace=olm state.Key.Name=operatorhubio-catalog state.State=CONNECTING"
time="2020-05-29T06:36:33Z" level=info msg="state.Key.Namespace=olm state.Key.Name=operatorhubio-catalog state.State=TRANSIENT_FAILURE"
time="2020-05-29T06:36:33Z" level=info msg=syncing event=update reconciling="*v1alpha1.Subscription" selflink=/apis/operators.coreos.com/v1alpha1/namespaces/che/subscriptions/eclipse-che-preview-kubernetes
time="2020-05-29T06:36:33Z" level=info msg=syncing id=RhxB9 ip=install-dnzdg namespace=che phase=Installing
time="2020-05-29T06:36:33Z" level=info msg=syncing event=update reconciling="*v1alpha1.Subscription" selflink=/apis/operators.coreos.com/v1alpha1/namespaces/che/subscriptions/eclipse-che-preview-kubernetes
time="2020-05-29T06:36:34Z" level=info msg="state.Key.Namespace=olm state.Key.Name=operatorhubio-catalog state.State=CONNECTING"
time="2020-05-29T06:36:34Z" level=warning msg="an error was encountered during reconciliation" error="Operation cannot be fulfilled on subscriptions.operators.coreos.com \"eclipse-che-preview-kubernetes\": the object has been modified; please apply your changes to the latest version and try again" event=update reconciling="*v1alpha1.Subscription" selflink=/apis/operators.coreos.com/v1alpha1/namespaces/che/subscriptions/eclipse-che-preview-kubernetes
E0529 06:36:34.583212       1 queueinformer_operator.go:282] sync {"update" "che/eclipse-che-preview-kubernetes"} failed: Operation cannot be fulfilled on subscriptions.operators.coreos.com "eclipse-che-preview-kubernetes": the object has been modified; please apply your changes to the latest version and try again
time="2020-05-29T06:36:34Z" level=info msg=syncing event=update reconciling="*v1alpha1.Subscription" selflink=/apis/operators.coreos.com/v1alpha1/namespaces/che/subscriptions/eclipse-che-preview-kubernetes
time="2020-05-29T06:36:34Z" level=info msg=syncing event=update reconciling="*v1alpha1.Subscription" selflink=/apis/operators.coreos.com/v1alpha1/namespaces/che/subscriptions/eclipse-che-preview-kubernetes
time="2020-05-29T06:36:35Z" level=info msg="state.Key.Namespace=olm state.Key.Name=operatorhubio-catalog state.State=TRANSIENT_FAILURE"
time="2020-05-29T06:36:36Z" level=info msg="state.Key.Namespace=olm state.Key.Name=operatorhubio-catalog state.State=CONNECTING"
time="2020-05-29T06:36:36Z" level=info msg=syncing event=update reconciling="*v1alpha1.Subscription" selflink=/apis/operators.coreos.com/v1alpha1/namespaces/che/subscriptions/eclipse-che-preview-kubernetes
time="2020-05-29T06:36:37Z" level=info msg="state.Key.Namespace=olm state.Key.Name=operatorhubio-catalog state.State=TRANSIENT_FAILURE"
time="2020-05-29T06:36:38Z" level=info msg=syncing event=update reconciling="*v1alpha1.Subscription" selflink=/apis/operators.coreos.com/v1alpha1/namespaces/che/subscriptions/eclipse-che-preview-kubernetes
time="2020-05-29T06:36:40Z" level=info msg=syncing id=fh98M ip=install-dnzdg namespace=che phase=Installing
time="2020-05-29T06:36:40Z" level=info msg=syncing event=update reconciling="*v1alpha1.Subscription" selflink=/apis/operators.coreos.com/v1alpha1/namespaces/che/subscriptions/eclipse-che-preview-kubernetes
time="2020-05-29T06:36:40Z" level=info msg=syncing event=update reconciling="*v1alpha1.Subscription" selflink=/apis/operators.coreos.com/v1alpha1/namespaces/che/subscriptions/eclipse-che-preview-kubernetes
time="2020-05-29T06:36:40Z" level=info msg="state.Key.Namespace=olm state.Key.Name=operatorhubio-catalog state.State=CONNECTING"
time="2020-05-29T06:36:40Z" level=info msg=syncing event=update reconciling="*v1alpha1.Subscription" selflink=/apis/operators.coreos.com/v1alpha1/namespaces/che/subscriptions/eclipse-che-preview-kubernetes
time="2020-05-29T06:36:41Z" level=info msg="state.Key.Namespace=olm state.Key.Name=operatorhubio-catalog state.State=TRANSIENT_FAILURE"
time="2020-05-29T06:36:42Z" level=info msg=syncing event=update reconciling="*v1alpha1.Subscription" selflink=/apis/operators.coreos.com/v1alpha1/namespaces/che/subscriptions/eclipse-che-preview-kubernetes
time="2020-05-29T06:36:45Z" level=info msg="state.Key.Namespace=olm state.Key.Name=operatorhubio-catalog state.State=CONNECTING"
time="2020-05-29T06:36:45Z" level=info msg="state.Key.Namespace=marketplace state.Key.Name=upstream-community-operators state.State=CONNECTING"
time="2020-05-29T06:36:45Z" level=info msg="state.Key.Namespace=marketplace state.Key.Name=upstream-community-operators state.State=READY"
time="2020-05-29T06:36:46Z" level=info msg="error updating InstallPlan status" id=fh98M ip=install-dnzdg namespace=che phase=Installing updateError="Operation cannot be fulfilled on installplans.operators.coreos.com \"install-dnzdg\": the object has been modified; please apply your changes to the latest version and try again"
E0529 06:36:46.183745       1 queueinformer_operator.go:282] sync {"update" "che/install-dnzdg"} failed: error updating InstallPlan status: Operation cannot be fulfilled on installplans.operators.coreos.com "install-dnzdg": the object has been modified; please apply your changes to the latest version and try again
time="2020-05-29T06:36:46Z" level=info msg=syncing id=fsEi6 ip=install-dnzdg namespace=che phase=Installing
time="2020-05-29T06:36:46Z" level=info msg=syncing event=update reconciling="*v1alpha1.Subscription" selflink=/apis/operators.coreos.com/v1alpha1/namespaces/che/subscriptions/eclipse-che-preview-kubernetes
time="2020-05-29T06:36:46Z" level=info msg=syncing event=update reconciling="*v1alpha1.Subscription" selflink=/apis/operators.coreos.com/v1alpha1/namespaces/che/subscriptions/eclipse-che-preview-kubernetes
time="2020-05-29T06:36:46Z" level=info msg="state.Key.Namespace=olm state.Key.Name=operatorhubio-catalog state.State=TRANSIENT_FAILURE"
time="2020-05-29T06:36:48Z" level=info msg=syncing id=34IKy ip=install-dnzdg namespace=che phase=Installing
time="2020-05-29T06:36:48Z" level=info msg=syncing event=update reconciling="*v1alpha1.Subscription" selflink=/apis/operators.coreos.com/v1alpha1/namespaces/che/subscriptions/eclipse-che-preview-kubernetes
time="2020-05-29T06:36:48Z" level=info msg=syncing event=update reconciling="*v1alpha1.Subscription" selflink=/apis/operators.coreos.com/v1alpha1/namespaces/che/subscriptions/eclipse-che-preview-kubernetes
time="2020-05-29T06:36:49Z" level=info msg=syncing event=update reconciling="*v1alpha1.Subscription" selflink=/apis/operators.coreos.com/v1alpha1/namespaces/che/subscriptions/eclipse-che-preview-kubernetes
time="2020-05-29T06:36:50Z" level=info msg=syncing event=update reconciling="*v1alpha1.Subscription" selflink=/apis/operators.coreos.com/v1alpha1/namespaces/che/subscriptions/eclipse-che-preview-kubernetes
time="2020-05-29T06:36:51Z" level=info msg="error updating InstallPlan status" id=34IKy ip=install-dnzdg namespace=che phase=Installing updateError="Operation cannot be fulfilled on installplans.operators.coreos.com \"install-dnzdg\": the object has been modified; please apply your changes to the latest version and try again"
E0529 06:36:51.005549       1 queueinformer_operator.go:282] sync {"update" "che/install-dnzdg"} failed: error updating InstallPlan status: Operation cannot be fulfilled on installplans.operators.coreos.com "install-dnzdg": the object has been modified; please apply your changes to the latest version and try again
time="2020-05-29T06:36:51Z" level=info msg=syncing id=DRY4M ip=install-dnzdg namespace=che phase=Complete
time="2020-05-29T06:36:51Z" level=info msg=syncing event=update reconciling="*v1alpha1.Subscription" selflink=/apis/operators.coreos.com/v1alpha1/namespaces/che/subscriptions/eclipse-che-preview-kubernetes
time="2020-05-29T06:36:51Z" level=info msg=syncing id=+MDnD ip=install-dnzdg namespace=che phase=Complete
time="2020-05-29T06:36:51Z" level=info msg=syncing event=update reconciling="*v1alpha1.Subscription" selflink=/apis/operators.coreos.com/v1alpha1/namespaces/che/subscriptions/eclipse-che-preview-kubernetes
time="2020-05-29T06:36:52Z" level=info msg=syncing event=update reconciling="*v1alpha1.Subscription" selflink=/apis/operators.coreos.com/v1alpha1/namespaces/che/subscriptions/eclipse-che-preview-kubernetes
time="2020-05-29T06:36:53Z" level=info msg="state.Key.Namespace=olm state.Key.Name=operatorhubio-catalog state.State=CONNECTING"
time="2020-05-29T06:36:54Z" level=info msg="state.Key.Namespace=olm state.Key.Name=operatorhubio-catalog state.State=TRANSIENT_FAILURE"
time="2020-05-29T06:37:04Z" level=info msg="state.Key.Namespace=olm state.Key.Name=operatorhubio-catalog state.State=CONNECTING"
time="2020-05-29T06:37:05Z" level=info msg="state.Key.Namespace=olm state.Key.Name=operatorhubio-catalog state.State=TRANSIENT_FAILURE"
time="2020-05-29T06:37:21Z" level=info msg="state.Key.Namespace=olm state.Key.Name=operatorhubio-catalog state.State=CONNECTING"
time="2020-05-29T06:37:21Z" level=info msg="state.Key.Namespace=olm state.Key.Name=operatorhubio-catalog state.State=READY"
time="2020-05-29T06:37:28Z" level=info msg="state.Key.Namespace=olm state.Key.Name=operatorhubio-catalog state.State=CONNECTING"
time="2020-05-29T06:37:28Z" level=info msg="state.Key.Namespace=olm state.Key.Name=operatorhubio-catalog state.State=TRANSIENT_FAILURE"
time="2020-05-29T06:37:29Z" level=info msg="state.Key.Namespace=olm state.Key.Name=operatorhubio-catalog state.State=CONNECTING"
time="2020-05-29T06:37:30Z" level=info msg="state.Key.Namespace=olm state.Key.Name=operatorhubio-catalog state.State=TRANSIENT_FAILURE"
time="2020-05-29T06:37:32Z" level=info msg="state.Key.Namespace=olm state.Key.Name=operatorhubio-catalog state.State=CONNECTING"
time="2020-05-29T06:37:33Z" level=info msg="state.Key.Namespace=olm state.Key.Name=operatorhubio-catalog state.State=TRANSIENT_FAILURE"
time="2020-05-29T06:37:35Z" level=info msg="state.Key.Namespace=olm state.Key.Name=operatorhubio-catalog state.State=CONNECTING"
time="2020-05-29T06:37:36Z" level=info msg="state.Key.Namespace=olm state.Key.Name=operatorhubio-catalog state.State=TRANSIENT_FAILURE"
time="2020-05-29T06:37:41Z" level=info msg="state.Key.Namespace=olm state.Key.Name=operatorhubio-catalog state.State=CONNECTING"
time="2020-05-29T06:37:42Z" level=info msg="state.Key.Namespace=olm state.Key.Name=operatorhubio-catalog state.State=TRANSIENT_FAILURE"
time="2020-05-29T06:37:49Z" level=info msg="state.Key.Namespace=olm state.Key.Name=operatorhubio-catalog state.State=CONNECTING"
time="2020-05-29T06:37:50Z" level=info msg="state.Key.Namespace=olm state.Key.Name=operatorhubio-catalog state.State=TRANSIENT_FAILURE"
time="2020-05-29T06:38:02Z" level=info msg="state.Key.Namespace=olm state.Key.Name=operatorhubio-catalog state.State=CONNECTING"
time="2020-05-29T06:38:03Z" level=info msg="state.Key.Namespace=olm state.Key.Name=operatorhubio-catalog state.State=TRANSIENT_FAILURE"
time="2020-05-29T06:38:18Z" level=info msg="state.Key.Namespace=olm state.Key.Name=operatorhubio-catalog state.State=CONNECTING"
time="2020-05-29T06:38:19Z" level=info msg="state.Key.Namespace=olm state.Key.Name=operatorhubio-catalog state.State=TRANSIENT_FAILURE"
time="2020-05-29T06:38:49Z" level=info msg="state.Key.Namespace=olm state.Key.Name=operatorhubio-catalog state.State=CONNECTING"
time="2020-05-29T06:38:50Z" level=info msg="state.Key.Namespace=olm state.Key.Name=operatorhubio-catalog state.State=READY"
