time="2020-05-29T06:36:47Z" level=info msg="Default 'info' log level is applied"
time="2020-05-29T06:36:47Z" level=info msg="Go Version: go1.12.12"
time="2020-05-29T06:36:47Z" level=info msg="Go OS/Arch: linux/amd64"
time="2020-05-29T06:36:47Z" level=info msg="operator-sdk Version: v0.5.0"
time="2020-05-29T06:36:47Z" level=info msg="Operator is running on Kubernetes"
time="2020-05-29T06:36:47Z" level=info msg="Registering Che Components Types"
time="2020-05-29T06:36:47Z" level=info msg="Starting the Cmd"
time="2020-05-29T06:36:49Z" level=info msg="Creating a new object: ServiceAccount, name che"
time="2020-05-29T06:36:49Z" level=info msg="Waiting on service account 'che' to be created"
time="2020-05-29T06:36:49Z" level=info msg="Creating a new object: ServiceAccount, name che-workspace"
time="2020-05-29T06:36:49Z" level=info msg="Waiting on service account 'che-workspace' to be created"
time="2020-05-29T06:36:49Z" level=info msg="Creating a new object: Role, name exec"
time="2020-05-29T06:36:49Z" level=info msg="Waiting on role 'exec' to be created"
time="2020-05-29T06:36:49Z" level=info msg="Creating a new object: Role, name view"
time="2020-05-29T06:36:49Z" level=info msg="Waiting on role 'view' to be created"
time="2020-05-29T06:36:49Z" level=info msg="Creating a new object: RoleBinding, name che"
time="2020-05-29T06:36:49Z" level=info msg="Waiting on role binding 'che' to be created"
time="2020-05-29T06:36:49Z" level=info msg="Creating a new object: RoleBinding, name che-workspace-exec"
time="2020-05-29T06:36:49Z" level=info msg="Waiting on role binding 'che-workspace-exec' to be created"
time="2020-05-29T06:36:49Z" level=info msg="Creating a new object: RoleBinding, name che-workspace-view"
time="2020-05-29T06:36:49Z" level=info msg="Waiting on role binding 'che-workspace-view' to be created"
time="2020-05-29T06:36:49Z" level=info msg="Updating eclipse-che CR with installation flavor: che"
time="2020-05-29T06:36:49Z" level=info msg="Custom resource eclipse-che updated"
time="2020-05-29T06:36:49Z" level=info msg="Creating a new object: Secret, name: che-postgres-secret"
time="2020-05-29T06:36:49Z" level=info msg="Updating eclipse-che CR with Postgres Secret: che-postgres-secret"
time="2020-05-29T06:36:49Z" level=info msg="Custom resource eclipse-che updated"
time="2020-05-29T06:36:49Z" level=error msg="Failed to get keycloak deployment: Deployment.apps \"keycloak\" not found"
time="2020-05-29T06:36:49Z" level=info msg="Disregard the error. No existing Identity provider deployment found. Generating passwd"
time="2020-05-29T06:36:49Z" level=info msg="Creating a new object: Secret, name: che-identity-postgres-secret"
time="2020-05-29T06:36:49Z" level=info msg="Updating eclipse-che CR with Identity Provider Postgres Secret: che-identity-postgres-secret"
time="2020-05-29T06:36:49Z" level=info msg="Custom resource eclipse-che updated"
time="2020-05-29T06:36:49Z" level=error msg="Failed to get keycloak deployment: Deployment.apps \"keycloak\" not found"
time="2020-05-29T06:36:49Z" level=info msg="Disregard the error. No existing Identity provider deployment found. Generating admin username and password"
time="2020-05-29T06:36:49Z" level=info msg="Creating a new object: Secret, name: che-identity-secret"
time="2020-05-29T06:36:49Z" level=info msg="Updating eclipse-che CR with Identity Provider Secret: che-identity-secret"
time="2020-05-29T06:36:49Z" level=info msg="Custom resource eclipse-che updated"
time="2020-05-29T06:36:49Z" level=info msg="Updating eclipse-che CR with Postgres DB: dbche"
time="2020-05-29T06:36:49Z" level=info msg="Custom resource eclipse-che updated"
time="2020-05-29T06:36:49Z" level=info msg="Updating eclipse-che CR with Postgres hostname: postgres"
time="2020-05-29T06:36:49Z" level=info msg="Custom resource eclipse-che updated"
time="2020-05-29T06:36:49Z" level=info msg="Updating eclipse-che CR with Postgres port: 5432"
time="2020-05-29T06:36:49Z" level=info msg="Custom resource eclipse-che updated"
time="2020-05-29T06:36:49Z" level=info msg="Updating eclipse-che CR with Keycloak realm: che"
time="2020-05-29T06:36:49Z" level=info msg="Custom resource eclipse-che updated"
time="2020-05-29T06:36:49Z" level=info msg="Updating eclipse-che CR with Keycloak client ID: che-public"
time="2020-05-29T06:36:49Z" level=info msg="Custom resource eclipse-che updated"
time="2020-05-29T06:36:49Z" level=info msg="Updating eclipse-che CR with log level: INFO"
time="2020-05-29T06:36:49Z" level=info msg="Custom resource eclipse-che updated"
time="2020-05-29T06:36:49Z" level=info msg="Updating eclipse-che CR with debug: false"
time="2020-05-29T06:36:49Z" level=info msg="Custom resource eclipse-che updated"
time="2020-05-29T06:36:49Z" level=info msg="Creating a new object: Service, name postgres"
time="2020-05-29T06:36:49Z" level=info msg="Waiting on service 'postgres' to be ready"
time="2020-05-29T06:36:49Z" level=info msg="Creating a new object: PersistentVolumeClaim, name postgres-data"
time="2020-05-29T06:36:49Z" level=info msg="Waiting on pvc 'postgres-data' to be bound. Sometimes PVC can be bound only when the first consumer is created."
time="2020-05-29T06:36:49Z" level=info msg="Creating a new object: Deployment, name postgres"
time="2020-05-29T06:36:49Z" level=info msg="Waiting on deployment 'postgres' to be ready"
time="2020-05-29T06:36:49Z" level=info msg="Waiting on deployment 'postgres' to be ready"
time="2020-05-29T06:36:49Z" level=info msg="Waiting on deployment 'postgres' to be ready"
time="2020-05-29T06:36:49Z" level=info msg="Waiting on deployment 'postgres' to be ready"
time="2020-05-29T06:36:51Z" level=info msg="Waiting on deployment 'postgres' to be ready"
time="2020-05-29T06:36:53Z" level=info msg="Waiting on deployment 'postgres' to be ready"
time="2020-05-29T06:36:55Z" level=info msg="Waiting on deployment 'postgres' to be ready"
time="2020-05-29T06:36:57Z" level=info msg="Waiting on deployment 'postgres' to be ready"
time="2020-05-29T06:36:59Z" level=info msg="Waiting on deployment 'postgres' to be ready"
time="2020-05-29T06:37:01Z" level=info msg="Waiting on deployment 'postgres' to be ready"
time="2020-05-29T06:37:03Z" level=info msg="Waiting on deployment 'postgres' to be ready"
time="2020-05-29T06:37:05Z" level=info msg="Waiting on deployment 'postgres' to be ready"
time="2020-05-29T06:37:07Z" level=info msg="Waiting on deployment 'postgres' to be ready"
time="2020-05-29T06:37:09Z" level=info msg="Waiting on deployment 'postgres' to be ready"
time="2020-05-29T06:37:11Z" level=info msg="Waiting on deployment 'postgres' to be ready"
time="2020-05-29T06:37:13Z" level=info msg="Waiting on deployment 'postgres' to be ready"
time="2020-05-29T06:37:15Z" level=info msg="Waiting on deployment 'postgres' to be ready"
time="2020-05-29T06:37:17Z" level=info msg="Waiting on deployment 'postgres' to be ready"
time="2020-05-29T06:37:17Z" level=info msg="Running exec to create Keycloak DB, user, privileges in pod postgres-6649ddcd77-9twdm"
time="2020-05-29T06:37:18Z" level=info msg="Exec successfully completed"
time="2020-05-29T06:37:18Z" level=info msg="Updating eclipse-che CR with status: provisioned with DB and user: true"
time="2020-05-29T06:37:18Z" level=info msg="Custom resource eclipse-che updated"
time="2020-05-29T06:37:18Z" level=info msg="Creating a new object: Service, name che-host"
time="2020-05-29T06:37:18Z" level=info msg="Waiting on service 'che-host' to be ready"
time="2020-05-29T06:37:18Z" level=info msg="Creating a new object: Ingress, name che"
time="2020-05-29T06:37:18Z" level=info msg="Waiting on ingress 'che-host' to be ready"
time="2020-05-29T06:37:18Z" level=info msg="Updating eclipse-che CR with CheHost URL: che-che.192.168.39.161.nip.io"
time="2020-05-29T06:37:18Z" level=info msg="Custom resource eclipse-che updated"
time="2020-05-29T06:37:18Z" level=info msg="Creating a new object: Service, name keycloak"
time="2020-05-29T06:37:18Z" level=info msg="Waiting on service 'keycloak' to be ready"
time="2020-05-29T06:37:18Z" level=info msg="Creating a new object: Ingress, name keycloak"
time="2020-05-29T06:37:18Z" level=info msg="Waiting on ingress 'keycloak' to be ready"
time="2020-05-29T06:37:18Z" level=info msg="Updating eclipse-che CR with Keycloak URL: http://keycloak-che.192.168.39.161.nip.io"
time="2020-05-29T06:37:18Z" level=info msg="Custom resource eclipse-che updated"
time="2020-05-29T06:37:18Z" level=info msg="Creating a new object: Deployment, name keycloak"
time="2020-05-29T06:37:18Z" level=info msg="Waiting on deployment 'keycloak' to be ready"
time="2020-05-29T06:37:18Z" level=info msg="Waiting on deployment 'keycloak' to be ready"
time="2020-05-29T06:37:18Z" level=info msg="Waiting on deployment 'keycloak' to be ready"
time="2020-05-29T06:37:19Z" level=info msg="Waiting on deployment 'keycloak' to be ready"
time="2020-05-29T06:38:15Z" level=info msg="Waiting on deployment 'keycloak' to be ready"
time="2020-05-29T06:38:15Z" level=info msg="Waiting on deployment 'keycloak' to be ready"
time="2020-05-29T06:38:21Z" level=info msg="Running exec to create realm, client and user in pod keycloak-95949f685-wqfvz"
time="2020-05-29T06:38:34Z" level=info msg="Exec successfully completed"
time="2020-05-29T06:38:34Z" level=info msg="Updating eclipse-che CR with status: provisioned with Keycloak: true"
time="2020-05-29T06:38:34Z" level=info msg="Custom resource eclipse-che updated"
time="2020-05-29T06:38:34Z" level=info msg="Creating a new object: Ingress, name devfile-registry"
time="2020-05-29T06:38:34Z" level=info msg="Waiting on ingress 'devfile-registry' to be ready"
time="2020-05-29T06:38:34Z" level=info msg="Creating devfile registry airgap configmap"
time="2020-05-29T06:38:34Z" level=info msg="Creating a new object: Service, name devfile-registry"
time="2020-05-29T06:38:34Z" level=info msg="Waiting on service 'devfile-registry' to be ready"
time="2020-05-29T06:38:34Z" level=info msg="Creating a new object: Deployment, name devfile-registry"
time="2020-05-29T06:38:34Z" level=info msg="Waiting on deployment 'devfile-registry' to be ready"
time="2020-05-29T06:38:34Z" level=info msg="Waiting on deployment 'devfile-registry' to be ready"
time="2020-05-29T06:38:34Z" level=info msg="Waiting on deployment 'devfile-registry' to be ready"
time="2020-05-29T06:38:34Z" level=info msg="Waiting on deployment 'devfile-registry' to be ready"
time="2020-05-29T06:38:49Z" level=info msg="Updating eclipse-che CR with status: Devfile Registry URL: http://devfile-registry-che.192.168.39.161.nip.io"
time="2020-05-29T06:38:49Z" level=info msg="Custom resource eclipse-che updated"
time="2020-05-29T06:38:49Z" level=info msg="Creating a new object: Ingress, name plugin-registry"
time="2020-05-29T06:38:49Z" level=info msg="Waiting on ingress 'plugin-registry' to be ready"
time="2020-05-29T06:38:49Z" level=info msg="Creating a new object: Service, name plugin-registry"
time="2020-05-29T06:38:49Z" level=info msg="Waiting on service 'plugin-registry' to be ready"
time="2020-05-29T06:38:49Z" level=info msg="Creating a new object: Deployment, name plugin-registry"
time="2020-05-29T06:38:49Z" level=info msg="Waiting on deployment 'plugin-registry' to be ready"
time="2020-05-29T06:38:49Z" level=info msg="Waiting on deployment 'plugin-registry' to be ready"
time="2020-05-29T06:38:49Z" level=info msg="Waiting on deployment 'plugin-registry' to be ready"
time="2020-05-29T06:39:05Z" level=info msg="Updating eclipse-che CR with status: Plugin Registry URL: http://plugin-registry-che.192.168.39.161.nip.io/v3"
time="2020-05-29T06:39:05Z" level=info msg="Custom resource eclipse-che updated"
time="2020-05-29T06:39:05Z" level=info msg="Creating a new object: ConfigMap, name che"
time="2020-05-29T06:39:05Z" level=info msg="Waiting on config map 'che' to be created"
time="2020-05-29T06:39:05Z" level=info msg="Creating a new object: Deployment, name che"
time="2020-05-29T06:39:05Z" level=info msg="Waiting on deployment 'che' to be ready"
time="2020-05-29T06:39:05Z" level=error msg="Failed to get che deployment: Deployment.apps \"che\" not found"
time="2020-05-29T06:39:05Z" level=info msg="Waiting on deployment 'che' to be ready"
time="2020-05-29T06:39:05Z" level=info msg="Updating eclipse-che CR with status: Che API: Unavailable"
time="2020-05-29T06:39:05Z" level=info msg="Custom resource eclipse-che updated"
time="2020-05-29T06:39:05Z" level=info msg="Waiting on deployment 'che' to be ready"
time="2020-05-29T06:39:15Z" level=info msg="Waiting on deployment 'che' to be ready"
time="2020-05-29T06:39:45Z" level=info msg="Updating eclipse-che CR with Keycloak URL status: http://keycloak-che.192.168.39.161.nip.io"
time="2020-05-29T06:39:45Z" level=info msg="Custom resource eclipse-che updated"
time="2020-05-29T06:39:45Z" level=info msg="Updating eclipse-che CR with status: Eclipse Che server: Available"
time="2020-05-29T06:39:45Z" level=info msg="Custom resource eclipse-che updated"
time="2020-05-29T06:39:45Z" level=info msg="Updating eclipse-che CR with Eclipse Che server URL: http://che-che.192.168.39.161.nip.io"
time="2020-05-29T06:39:45Z" level=info msg="Custom resource eclipse-che updated"
time="2020-05-29T06:39:45Z" level=info msg="Eclipse Che is now available at: http://che-che.192.168.39.161.nip.io"
time="2020-05-29T06:39:45Z" level=info msg="Updating eclipse-che CR with version: nightly"
time="2020-05-29T06:39:45Z" level=info msg="Custom resource eclipse-che updated"
